This is pdfTeX, Version 3.141592653-2.6-1.40.25 (TeX Live 2023) (preloaded format=pdflatex 2023.4.11)  22 APR 2023 14:25
entering extended mode
 restricted \write18 enabled.
 file:line:error style messages enabled.
 %&-line parsing enabled.
**Apendice.tex
(./Apendice.tex
LaTeX2e <2022-11-01> patch level 1
L3 programming layer <2023-03-30>
(/home/whitengine/texlive/2023/texmf-dist/tex/latex/subfiles/subfiles.cls
Document Class: subfiles 2020/11/14 v2.2 Multi-file projects (class)
Preamble taken from file `../main.tex'
(/home/whitengine/texlive/2023/texmf-dist/tex/latex/import/import.sty
Package: import 2020/04/01  v 6.2
)

! LaTeX Error: File `../main.tex' not found.

Type X to quit or <RETURN> to proceed,
or enter new name. (Default extension: tex)

Enter file name: 
/home/whitengine/texlive/2023/texmf-dist/tex/latex/subfiles/subfiles.cls:45: Em
ergency stop.
<read *> 
         
l.45 \input{\preamble@file}
                           ^^M
*** (cannot \read from terminal in nonstop modes)

 
Here is how much of TeX's memory you used:
 84 strings out of 476017
 2082 string characters out of 5786780
 1849666 words of memory out of 5000000
 20631 multiletter control sequences out of 15000+600000
 512287 words of font info for 32 fonts, out of 8000000 for 9000
 1141 hyphenation exceptions out of 8191
 42i,0n,48p,146b,18s stack positions out of 10000i,1000n,20000p,200000b,200000s
/home/whitengine/texlive/2023/texmf-dist/tex/latex/subfiles/subfiles.cls:45:  =
=> Fatal error occurred, no output PDF file produced!
