\BOOKMARK [0][-]{chapter.1}{\376\377\000P\000a\000r\000t\000e\000\040\000I\000:\000\040\000I\000n\000t\000r\000o\000d\000u\000c\000c\000i\000\363\000n\000\040\000a\000\040\000g\000r\000a\000f\000o\000s}{}% 1
\BOOKMARK [1][-]{section.1.1}{\376\377\000C\000l\000a\000s\000e\000\040\0001\000:\000\040\0001\0006\000/\0000\0003\000/\0002\0003}{chapter.1}% 2
\BOOKMARK [1][-]{section.1.2}{\376\377\000C\000l\000a\000s\000e\000\040\0002\000:\000\040\0001\0008\000/\0000\0003\000/\0002\0003}{chapter.1}% 3
\BOOKMARK [2][-]{subsection.1.2.1}{\376\377\000E\000l\000\040\000g\000r\000a\000d\000o\000\040\000d\000e\000\040\000u\000n\000\040\000v\000\351\000r\000t\000i\000c\000e}{section.1.2}% 4
\BOOKMARK [2][-]{subsection.1.2.2}{\376\377\000C\000a\000m\000i\000n\000o\000s\000\040\000y\000\040\000C\000i\000c\000l\000o\000s}{section.1.2}% 5
\BOOKMARK [1][-]{section.1.3}{\376\377\000C\000l\000a\000s\000e\000\040\0003\000:\000\040\0002\0000\000/\0000\0003\000/\0002\0003}{chapter.1}% 6
\BOOKMARK [2][-]{subsection.1.3.1}{\376\377\000C\000o\000n\000e\000x\000i\000d\000a\000d}{section.1.3}% 7
\BOOKMARK [1][-]{section.1.4}{\376\377\000C\000l\000a\000s\000e\000\040\0004\000:\000\040\0002\0003\000/\0000\0003\000/\0002\0003}{chapter.1}% 8
\BOOKMARK [2][-]{subsection.1.4.1}{\376\377\000\301\000r\000b\000o\000l\000e\000s\000\040\000y\000\040\000b\000o\000s\000q\000u\000e\000s}{section.1.4}% 9
\BOOKMARK [1][-]{section.1.5}{\376\377\000C\000l\000a\000s\000e\000\040\0005\000:\000\040\0002\0007\000/\0000\0003\000/\0002\0003}{chapter.1}% 10
\BOOKMARK [2][-]{subsection.1.5.1}{\376\377\000G\000r\000a\000f\000o\000s\000\040\000b\000i\000p\000a\000r\000t\000i\000t\000o\000s}{section.1.5}% 11
\BOOKMARK [2][-]{subsection.1.5.2}{\376\377\000P\000a\000s\000e\000o\000s\000\040\000E\000u\000l\000e\000r\000i\000a\000n\000o\000s}{section.1.5}% 12
\BOOKMARK [1][-]{section.1.6}{\376\377\000C\000l\000a\000s\000e\000\040\0006\000:\000\040\0003\0000\000/\0000\0003\000/\0002\0003}{chapter.1}% 13
\BOOKMARK [2][-]{subsection.1.6.1}{\376\377\000C\000o\000n\000e\000x\000i\000d\000a\000d}{section.1.6}% 14
\BOOKMARK [1][-]{section.1.7}{\376\377\000C\000l\000a\000s\000e\000\040\0007\000:\000\040\0000\0003\000/\0000\0004\000/\0002\0003}{chapter.1}% 15
\BOOKMARK [2][-]{subsection.1.7.1}{\376\377\000G\000r\000a\000f\000o\000s\000\040\0002\000-\000c\000o\000n\000e\000x\000o\000s}{section.1.7}% 16
\BOOKMARK [1][-]{section.1.8}{\376\377\000C\000l\000a\000s\000e\000\040\0008\000:\000\040\0000\0006\000/\0000\0004\000/\0002\0003}{chapter.1}% 17
\BOOKMARK [2][-]{subsection.1.8.1}{\376\377\000C\000o\000n\000t\000r\000a\000c\000c\000i\000o\000n\000e\000s\000\040\000y\000\040\000m\000e\000n\000o\000r\000e\000s}{section.1.8}% 18
\BOOKMARK [2][-]{subsection.1.8.2}{\376\377\000s\000u\000b\000d\000i\000v\000i\000s\000i\000o\000n\000e\000s}{section.1.8}% 19
\BOOKMARK [1][-]{section.1.9}{\376\377\000C\000l\000a\000s\000e\000\040\0009\000:\000\040\0001\0007\000/\0000\0004\000/\0002\0003}{chapter.1}% 20
\BOOKMARK [2][-]{subsection.1.9.1}{}{section.1.9}% 21
\BOOKMARK [1][-]{section.1.10}{\376\377\000C\000l\000a\000s\000e\000\040\0001\0000\000:\000\040\0002\0000\000/\0000\0004\000/\0002\0003}{chapter.1}% 22
\BOOKMARK [1][-]{section.1.11}{\376\377\000E\000j\000e\000r\000c\000i\000c\000i\000o\000s}{chapter.1}% 23
\BOOKMARK [1][-]{section.1.12}{\376\377\000C\000l\000a\000s\000e\000\040\0001\0001\000:\000\040\0002\0007\000/\0000\0004\000/\0002\0003}{chapter.1}% 24
\BOOKMARK [0][-]{appendix.Alph1}{\376\377\000P\000r\000i\000m\000e\000r\000a\000\040\000p\000a\000r\000t\000e\000\040\000d\000e\000\040\000l\000a\000\040\000m\000a\000t\000e\000r\000i\000a\000\040\000\050\000p\000r\000i\000m\000e\000r\000\040\000c\000a\000p\000\355\000t\000u\000l\000o\000\040\000d\000e\000l\000\040\000D\000i\000e\000s\000t\000e\000l\000\051}{}% 25
\BOOKMARK [1][-]{section.Alph1.1}{}{appendix.Alph1}% 26
\BOOKMARK [1][-]{section.Alph1.2}{}{appendix.Alph1}% 27
