\BOOKMARK [0][-]{chapter.1}{Introducción a Grafos}{}% 1
\BOOKMARK [1][-]{section.1.1}{Clase 1: 16/03/23}{chapter.1}% 2
\BOOKMARK [1][-]{section.1.2}{Clase 2: 18/03/23}{chapter.1}% 3
\BOOKMARK [2][-]{subsection.1.2.1}{El grado de un vértice}{section.1.2}% 4
\BOOKMARK [2][-]{subsection.1.2.2}{Caminos y Ciclos}{section.1.2}% 5
\BOOKMARK [1][-]{section.1.3}{Clase 3: 20/03/23}{chapter.1}% 6
\BOOKMARK [2][-]{subsection.1.3.1}{Conexidad}{section.1.3}% 7
\BOOKMARK [1][-]{section.1.4}{Clase 4: 23/03/23}{chapter.1}% 8
\BOOKMARK [2][-]{subsection.1.4.1}{Árboles y bosques}{section.1.4}% 9
\BOOKMARK [1][-]{section.1.5}{Clase 5: 27/03/23}{chapter.1}% 10
\BOOKMARK [2][-]{subsection.1.5.1}{Grafos bipartitos}{section.1.5}% 11
\BOOKMARK [2][-]{subsection.1.5.2}{Paseos Eulerianos}{section.1.5}% 12
\BOOKMARK [1][-]{section.1.6}{Clase 6: 30/03/23}{chapter.1}% 13
\BOOKMARK [2][-]{subsection.1.6.1}{Conexidad}{section.1.6}% 14
\BOOKMARK [1][-]{section.1.7}{Clase 7: 03/04/23}{chapter.1}% 15
\BOOKMARK [2][-]{subsection.1.7.1}{Grafos 2-conexos}{section.1.7}% 16
\BOOKMARK [1][-]{section.1.8}{Clase 8: 06/04/23}{chapter.1}% 17
\BOOKMARK [2][-]{subsection.1.8.1}{Contracciones y menores}{section.1.8}% 18
\BOOKMARK [2][-]{subsection.1.8.2}{Subdivisiones}{section.1.8}% 19
\BOOKMARK [1][-]{section.1.9}{Clase 9: 17/04/23}{chapter.1}% 20
\BOOKMARK [1][-]{section.1.10}{Clase 10: 20/04/23}{chapter.1}% 21
\BOOKMARK [2][-]{subsection.1.10.1}{Teorema de Menger}{section.1.10}% 22
\BOOKMARK [1][-]{section.1.11}{Ejercicios}{chapter.1}% 23
\BOOKMARK [0][-]{chapter.2}{Matchings}{}% 24
\BOOKMARK [1][-]{section.2.1}{Clase 11: 27/04/23}{chapter.2}% 25
\BOOKMARK [2][-]{subsection.2.1.1}{Matchings con preferencias}{section.2.1}% 26
\BOOKMARK [2][-]{subsection.2.1.2}{Relaciones min-máx}{section.2.1}% 27
\BOOKMARK [2][-]{subsection.2.1.3}{Ejercicios}{section.2.1}% 28
\BOOKMARK [1][-]{section.2.2}{Clase 12: 8/05/23}{chapter.2}% 29
\BOOKMARK [2][-]{subsection.2.2.1}{Caminos aumentantes}{section.2.2}% 30
\BOOKMARK [2][-]{subsection.2.2.2}{Matchings en grafos generales}{section.2.2}% 31
\BOOKMARK [2][-]{subsection.2.2.3}{The Erdös-Pósa theorem}{section.2.2}% 32
\BOOKMARK [2][-]{subsection.2.2.4}{Empaquetamiento de árboles y arboricidad}{section.2.2}% 33
\BOOKMARK [2][-]{subsection.2.2.5}{Cubrimiento por caminos}{section.2.2}% 34
\BOOKMARK [2][-]{subsection.2.2.6}{Ejercicios}{section.2.2}% 35
\BOOKMARK [0][-]{chapter.3}{Grafos planares}{}% 36
\BOOKMARK [1][-]{section.3.1}{Clase 13: 15/05/23}{chapter.3}% 37
\BOOKMARK [2][-]{subsection.3.1.1}{Prerequisitos topológicos}{section.3.1}% 38
\BOOKMARK [1][-]{section.3.2}{Clase 14: 18/05/23}{chapter.3}% 39
\BOOKMARK [1][-]{section.3.3}{Clase 15: 25/05/23}{chapter.3}% 40
\BOOKMARK [2][-]{subsection.3.3.1}{Dibujos}{section.3.3}% 41
\BOOKMARK [1][-]{section.3.4}{Clase 16: 26/05/23}{chapter.3}% 42
\BOOKMARK [2][-]{subsection.3.4.1}{Teorema de Kuratowski}{section.3.4}% 43
\BOOKMARK [0][-]{chapter.4}{Coloreo de Grafos}{}% 44
\BOOKMARK [1][-]{section.4.1}{Clase 17: 02/06/23}{chapter.4}% 45
\BOOKMARK [1][-]{section.4.2}{Clase 18: 05/06/23}{chapter.4}% 46
\BOOKMARK [1][-]{section.4.3}{Clase 19: 08/06/23}{chapter.4}% 47
\BOOKMARK [1][-]{section.4.4}{Clase 20: 12/06/23}{chapter.4}% 48
\BOOKMARK [2][-]{subsection.4.4.1}{Ejercicios}{section.4.4}% 49
\BOOKMARK [2][-]{subsection.4.4.2}{Coloreo de aristas}{section.4.4}% 50
\BOOKMARK [1][-]{section.4.5}{Clase 21: 16/06/23}{chapter.4}% 51
\BOOKMARK [2][-]{subsection.4.5.1}{Lista coloreo}{section.4.5}% 52
\BOOKMARK [2][-]{subsection.4.5.2}{Grafos perfectos}{section.4.5}% 53
\BOOKMARK [1][-]{section.4.6}{Clase 22: 23/06/23}{chapter.4}% 54
\BOOKMARK [1][-]{section.4.7}{Clase 23: 29/06/23}{chapter.4}% 55
\BOOKMARK [2][-]{subsection.4.7.1}{Retomamos lista coloreo}{section.4.7}% 56
\BOOKMARK [2][-]{subsection.4.7.2}{Ejercicios}{section.4.7}% 57
\BOOKMARK [2][-]{subsection.4.7.3}{Coloreos y orientaciones de grafos}{section.4.7}% 58
\BOOKMARK [0][-]{appendix.Alph1}{Primera parte de la materia \(primer capítulo del Diestel\)}{}% 59
\BOOKMARK [1][-]{section.Alph1.1}{}{appendix.Alph1}% 60
\BOOKMARK [1][-]{section.Alph1.2}{}{appendix.Alph1}% 61
\BOOKMARK [0][-]{appendix.Alph2}{Orden parcial completo-dirigido y teorema del punto fijo de Kleene}{}% 62
